build/app/outputs/mapping/release/seeds.txt
moetaz.ekry.tn.MainActivity
moetaz.ekry.tn.MainActivity: MainActivity()
moetaz.ekry.tn.R$anim: int abc_fade_in
moetaz.ekry.tn.R$anim: int abc_fade_out
moetaz.ekry.tn.R$anim: int abc_grow_fade_in_from_bottom
moetaz.ekry.tn.R$anim: int abc_popup_enter
moetaz.ekry.tn.R$anim: int abc_popup_exit
moetaz.ekry.tn.R$anim: int abc_shrink_fade_out_from_bottom
moetaz.ekry.tn.R$anim: int abc_slide_in_bottom
moetaz.ekry.tn.R$anim: int abc_slide_in_top
moetaz.ekry.tn.R$anim: int abc_slide_out_bottom
moetaz.ekry.tn.R$anim: int abc_slide_out_top
moetaz.ekry.tn.R$anim: int abc_tooltip_enter
moetaz.ekry.tn.R$anim: int abc_tooltip_exit
moetaz.ekry.tn.R$attr: int actionBarDivider
moetaz.ekry.tn.R$attr: int actionBarItemBackground
moetaz.ekry.tn.R$attr: int actionBarPopupTheme
moetaz.ekry.tn.R$attr: int actionBarSize
moetaz.ekry.tn.R$attr: int actionBarSplitStyle
moetaz.ekry.tn.R$attr: int actionBarStyle
moetaz.ekry.tn.R$attr: int actionBarTabBarStyle
moetaz.ekry.tn.R$attr: int actionBarTabStyle
moetaz.ekry.tn.R$attr: int actionBarTabTextStyle
moetaz.ekry.tn.R$attr: int actionBarTheme
moetaz.ekry.tn.R$attr: int actionBarWidgetTheme
moetaz.ekry.tn.R$attr: int actionButtonStyle
moetaz.ekry.tn.R$attr: int actionDropDownStyle
moetaz.ekry.tn.R$attr: int actionLayout
moetaz.ekry.tn.R$attr: int actionMenuTextAppearance
moetaz.ekry.tn.R$attr: int actionMenuTextColor
moetaz.ekry.tn.R$attr: int actionModeBackground
moetaz.ekry.tn.R$attr: int actionModeCloseButtonStyle
moetaz.ekry.tn.R$attr: int actionModeCloseDrawable
moetaz.ekry.tn.R$attr: int actionModeCopyDrawable
moetaz.ekry.tn.R$attr: int actionModeCutDrawable
moetaz.ekry.tn.R$attr: int actionModeFindDrawable
moetaz.ekry.tn.R$attr: int actionModePasteDrawable
moetaz.ekry.tn.R$attr: int actionModePopupWindowStyle
moetaz.ekry.tn.R$attr: int actionModeSelectAllDrawable
moetaz.ekry.tn.R$attr: int actionModeShareDrawable
moetaz.ekry.tn.R$attr: int actionModeSplitBackground
moetaz.ekry.tn.R$attr: int actionModeStyle
moetaz.ekry.tn.R$attr: int actionModeWebSearchDrawable
moetaz.ekry.tn.R$attr: int actionOverflowButtonStyle
moetaz.ekry.tn.R$bool: int abc_action_bar_embed_tabs
moetaz.ekry.tn.R$bool: int abc_allow_stacked_button_bar
moetaz.ekry.tn.R$bool: int abc_config_actionMenuItemAllCaps
moetaz.ekry.tn.R$color: int abc_background_cache_hint_selector_material_dark
moetaz.ekry.tn.R$color: int abc_background_cache_hint_selector_material_light
moetaz.ekry.tn.R$color: int abc_btn_colored_borderless_text_material
moetaz.ekry.tn.R$color: int abc_btn_colored_text_material
moetaz.ekry.tn.R$color: int abc_color_highlight_material
moetaz.ekry.tn.R$color: int abc_hint_foreground_material_dark
moetaz.ekry.tn.R$color: int abc_hint_foreground_material_light
moetaz.ekry.tn.R$color: int abc_input_method_navigation_guard
moetaz.ekry.tn.R$color: int abc_primary_text_disable_only_material_dark
moetaz.ekry.tn.R$color: int abc_primary_text_disable_only_material_light
moetaz.ekry.tn.R$color: int abc_primary_text_material_dark
moetaz.ekry.tn.R$color: int abc_primary_text_material_light
moetaz.ekry.tn.R$color: int abc_search_url_text
moetaz.ekry.tn.R$color: int abc_search_url_text_normal
moetaz.ekry.tn.R$color: int abc_search_url_text_pressed
moetaz.ekry.tn.R$color: int abc_search_url_text_selected
moetaz.ekry.tn.R$color: int abc_secondary_text_material_dark
moetaz.ekry.tn.R$color: int abc_secondary_text_material_light
moetaz.ekry.tn.R$color: int abc_tint_btn_checkable
moetaz.ekry.tn.R$color: int abc_tint_default
moetaz.ekry.tn.R$color: int abc_tint_edittext
moetaz.ekry.tn.R$color: int abc_tint_seek_thumb
moetaz.ekry.tn.R$color: int abc_tint_spinner
moetaz.ekry.tn.R$color: int abc_tint_switch_track
moetaz.ekry.tn.R$color: int accent_material_dark
...
androidx.fragment.app.FragmentTabHost: void setOnTabChangedListener(android.widget.TabHost$OnTabChangeListener)
androidx.fragment.app.FragmentTabHost$SavedState: android.os.Parcelable$Creator CREATOR
androidx.legacy.content.WakefulBroadcastReceiver: WakefulBroadcastReceiver()
androidx.legacy.coreui.R$attr: int alpha
androidx.legacy.coreui.R$attr: int coordinatorLayoutStyle
androidx.legacy.coreui.R$attr: int font
androidx.legacy.coreui.R$attr: int fontProviderAuthority
androidx.legacy.coreui.R$attr: int fontProviderCerts
androidx.legacy.coreui.R$attr: int fontProviderFetchStrategy
androidx.legacy.coreui.R$attr: int fontProviderFetchTimeout
androidx.legacy.coreui.R$attr: int fontProviderPackage
androidx.legacy.coreui.R$attr: int fontProviderQuery
androidx.legacy.coreui.R$attr: int fontStyle
androidx.legacy.coreui.R$attr: int fontVariationSettings
androidx.legacy.coreui.R$attr: int fontWeight
androidx.legacy.coreui.R$attr: int keylines
androidx.legacy.coreui.R$attr: int layout_anchor
androidx.legacy.coreui.R$attr: int layout_anchorGravity
androidx.legacy.coreui.R$attr: int layout_behavior
androidx.legacy.coreui.R$attr: int layout_dodgeInsetEdges
androidx.legacy.coreui.R$attr: int layout_insetEdge
androidx.legacy.coreui.R$attr: int layout_keyline
androidx.legacy.coreui.R$attr: int statusBarBackground
androidx.legacy.coreui.R$attr: int ttcIndex
androidx.legacy.coreui.R$color: int notification_action_color_filter
androidx.legacy.coreui.R$color: int notification_icon_bg_color
androidx.legacy.coreui.R$color: int ripple_material_light
androidx.legacy.coreui.R$color: int secondary_text_default_material_light
androidx.legacy.coreui.R$dimen: int compat_button_inset_horizontal_material
androidx.legacy.coreui.R$dimen: int compat_button_inset_vertical_material
androidx.legacy.coreui.R$dimen: int compat_button_padding_horizontal_material
androidx.legacy.coreui.R$dimen: int compat_button_padding_vertical_material
androidx.legacy.coreui.R$dimen: int compat_control_corner_material
androidx.legacy.coreui.R$dimen: int compat_notification_large_icon_max_height
androidx.legacy.coreui.R$dimen: int compat_notification_large_icon_max_width
androidx.legacy.coreui.R$dimen: int notification_action_icon_size
androidx.legacy.coreui.R$dimen: int notification_action_text_size
androidx.legacy.coreui.R$dimen: int notification_big_circle_margin
androidx.legacy.coreui.R$dimen: int notification_content_margin_start
androidx.legacy.coreui.R$dimen: int notification_large_icon_height
androidx.legacy.coreui.R$dimen: int notification_large_icon_width
androidx.legacy.coreui.R$dimen: int notification_main_column_padding_top
androidx.legacy.coreui.R$dimen: int notification_media_narrow_margin
androidx.legacy.coreui.R$dimen: int notification_right_icon_size
androidx.legacy.coreui.R$dimen: int notification_right_side_padding_top
androidx.legacy.coreui.R$dimen: int notification_small_icon_background_padding
androidx.legacy.coreui.R$dimen: int notification_small_icon_size_as_large
androidx.legacy.coreui.R$dimen: int notification_subtext_size
androidx.legacy.coreui.R$dimen: int notification_top_pad
androidx.legacy.coreui.R$drawable: int notification_action_background
androidx.legacy.coreui.R$drawable: int notification_bg
androidx.legacy.coreui.R$drawable: int notification_bg_low
androidx.legacy.coreui.R$drawable: int notification_bg_low_normal
androidx.legacy.coreui.R$drawable: int notification_bg_low_pressed
androidx.legacy.coreui.R$drawable: int notification_bg_normal
androidx.legacy.coreui.R$drawable: int notification_bg_normal_pressed
androidx.legacy.coreui.R$drawable: int notification_icon_background
androidx.legacy.coreui.R$drawable: int notification_template_icon_bg
androidx.legacy.coreui.R$drawable: int notification_template_icon_low_bg
androidx.legacy.coreui.R$drawable: int notification_tile_bg
androidx.legacy.coreui.R$drawable: int notify_panel_notification_icon_bg