build/app/outputs/mapping/release/usage.txt
moetaz.ekry.tn.BuildConfig
moetaz.ekry.tn.R
moetaz.ekry.tn.R$anim
moetaz.ekry.tn.R$attr
moetaz.ekry.tn.R$bool
moetaz.ekry.tn.R$color
moetaz.ekry.tn.R$dimen
moetaz.ekry.tn.R$drawable
moetaz.ekry.tn.R$id
moetaz.ekry.tn.R$integer
moetaz.ekry.tn.R$layout
moetaz.ekry.tn.R$mipmap
moetaz.ekry.tn.R$raw
moetaz.ekry.tn.R$string
moetaz.ekry.tn.R$style
moetaz.ekry.tn.R$styleable
moetaz.ekry.tn.R$xml
...
com.google.protobuf.Value$Builder
com.google.protobuf.Value$KindCase
com.google.protobuf.ValueOrBuilder
com.google.protobuf.WireFormat:
    public static final int WIRETYPE_VARINT
    public static final int WIRETYPE_FIXED64
    public static final int WIRETYPE_LENGTH_DELIMITED
    public static final int WIRETYPE_START_GROUP
    public static final int WIRETYPE_END_GROUP
    public static final int WIRETYPE_FIXED32
    static final int TAG_TYPE_BITS
    static final int TAG_TYPE_MASK
    static final int MESSAGE_SET_ITEM
    static final int MESSAGE_SET_TYPE_ID
    static final int MESSAGE_SET_MESSAGE
    48:48:private WireFormat()
com.google.protobuf.WireFormat$FieldType:
    156:156:public boolean isPackable()
com.google.protobuf.WireFormat$FieldType$1:
    121:121:public boolean isPackable()
com.google.protobuf.WireFormat$FieldType$2:
    126:126:public boolean isPackable()
com.google.protobuf.WireFormat$FieldType$3:
    131:131:public boolean isPackable()
com.google.protobuf.WireFormat$FieldType$4:
    136:136:public boolean isPackable()
com.google.protobuf.WireFormat$JavaType:
    99:99:java.lang.Object getDefaultDefault()
com.google.protobuf.WrappersProto
com.google.protobuf.compiler.PluginProtos
com.google.protobuf.compiler.PluginProtos$1
com.google.protobuf.compiler.PluginProtos$CodeGeneratorRequest
com.google.protobuf.compiler.PluginProtos$CodeGeneratorRequest$Builder
com.google.protobuf.compiler.PluginProtos$CodeGeneratorRequestOrBuilder
com.google.protobuf.compiler.PluginProtos$CodeGeneratorResponse
com.google.protobuf.compiler.PluginProtos$CodeGeneratorResponse$Builder
com.google.protobuf.compiler.PluginProtos$CodeGeneratorResponse$File
com.google.protobuf.compiler.PluginProtos$CodeGeneratorResponse$File$Builder
com.google.protobuf.compiler.PluginProtos$CodeGeneratorResponse$FileOrBuilder
com.google.protobuf.compiler.PluginProtos$CodeGeneratorResponseOrBuilder
com.google.protobuf.compiler.PluginProtos$Version
com.google.protobuf.compiler.PluginProtos$Version$Builder
com.google.protobuf.compiler.PluginProtos$VersionOrBuilder
com.google.rpc.BadRequest
com.google.rpc.BadRequest$1
com.google.rpc.BadRequest$Builder
com.google.rpc.BadRequest$FieldViolation
com.google.rpc.BadRequest$FieldViolation$Builder
com.google.rpc.BadRequest$FieldViolationOrBuilder
com.google.rpc.BadRequestOrBuilder
com.google.rpc.Code
com.google.rpc.Code$1
com.google.rpc.CodeProto
com.google.rpc.DebugInfo
com.google.rpc.DebugInfo$1
com.google.rpc.DebugInfo$Builder
com.google.rpc.DebugInfoOrBuilder
com.google.rpc.ErrorDetailsProto
com.google.rpc.Help
com.google.rpc.Help$1
com.google.rpc.Help$Builder
com.google.rpc.Help$Link
com.google.rpc.Help$Link$Builder
com.google.rpc.Help$LinkOrBuilder
com.google.rpc.HelpOrBuilder
com.google.rpc.LocalizedMessage
com.google.rpc.LocalizedMessage$1
com.google.rpc.LocalizedMessage$Builder
com.google.rpc.LocalizedMessageOrBuilder
com.google.rpc.PreconditionFailure
com.google.rpc.PreconditionFailure$1
com.google.rpc.PreconditionFailure$Builder
com.google.rpc.PreconditionFailure$Violation
com.google.rpc.PreconditionFailure$Violation$Builder
com.google.rpc.PreconditionFailure$ViolationOrBuilder
com.google.rpc.PreconditionFailureOrBuilder
com.google.rpc.QuotaFailure
com.google.rpc.QuotaFailure$1
com.google.rpc.QuotaFailure$Builder
com.google.rpc.QuotaFailure$Violation
com.google.rpc.QuotaFailure$Violation$Builder
com.google.rpc.QuotaFailure$ViolationOrBuilder
com.google.rpc.QuotaFailureOrBuilder
com.google.rpc.RequestInfo
com.google.rpc.RequestInfo$1
com.google.rpc.RequestInfo$Builder
com.google.rpc.RequestInfoOrBuilder
com.google.rpc.ResourceInfo
com.google.rpc.ResourceInfo$1
com.google.rpc.ResourceInfo$Builder
com.google.rpc.ResourceInfoOrBuilder
com.google.rpc.RetryInfo
com.google.rpc.RetryInfo$1
com.google.rpc.RetryInfo$Builder
com.google.rpc.RetryInfoOrBuilder